app/build/intermediates/manifest_merge_blame_file/release/manifest-merger-blame-release-report.txt
1<?xml version="1.0" encoding="utf-8"?>
2<manifest xmlns:android="http://schemas.android.com/apk/res/android"
3    package="com.example.numad21fa_zhixuancao"
4    android:versionCode="1"
5    android:versionName="1.0" >
6
7    <uses-sdk
8        android:minSdkVersion="26"
8-->src/main/AndroidManifest.xml
9        android:targetSdkVersion="31" />
9-->src/main/AndroidManifest.xml
10
11    <uses-permission android:name="android.permission.ACCESS_FINE_LOCATION" />
11-->src/main/AndroidManifest.xml:4:1-74
11-->src/main/AndroidManifest.xml:4:18-72
12    <uses-permission android:name="android.permission.ACCESS_COARSE_LOCATION" />
12-->src/main/AndroidManifest.xml:5:5-80
12-->src/main/AndroidManifest.xml:5:22-78
13    <uses-permission android:name="android.permission.INTERNET" />
13-->src/main/AndroidManifest.xml:6:5-66
13-->src/main/AndroidManifest.xml:6:22-64
14
15    <application
15-->src/main/AndroidManifest.xml:8:5-33:19
16        android:allowBackup="true"
16-->src/main/AndroidManifest.xml:9:9-35
17        android:appComponentFactory="androidx.core.app.CoreComponentFactory"
17-->[androidx.core:core:1.3.1] AndroidManifest.xml:24:18-86
18        android:extractNativeLibs="false"
19        android:icon="@mipmap/ic_launcher_zc"
19-->src/main/AndroidManifest.xml:10:9-46
20        android:label="@string/app_name"
20-->src/main/AndroidManifest.xml:11:9-41
21        android:roundIcon="@mipmap/ic_launcher_zc_round"
21-->src/main/AndroidManifest.xml:12:9-57
22        android:supportsRtl="true"
22-->src/main/AndroidManifest.xml:13:9-35
23        android:theme="@style/Theme.NUMAD21Fa_ZhixuanCao" >
23-->src/main/AndroidManifest.xml:14:9-58
24        <activity
24-->src/main/AndroidManifest.xml:15:9-17:39
25            android:name="com.example.numad21fa_zhixuancao.MainActivity5"
25-->src/main/AndroidManifest.xml:16:13-42
26            android:exported="true" />
26-->src/main/AndroidManifest.xml:17:13-36
27        <activity
27-->src/main/AndroidManifest.xml:18:9-20:39
28            android:name="com.example.numad21fa_zhixuancao.MainActivity4"
28-->src/main/AndroidManifest.xml:19:13-42
29            android:exported="true" />
29-->src/main/AndroidManifest.xml:20:13-36
30        <activity
30-->src/main/AndroidManifest.xml:21:9-23:39
31            android:name="com.example.numad21fa_zhixuancao.MainActivity2"
31-->src/main/AndroidManifest.xml:22:13-42
32            android:exported="true" />
32-->src/main/AndroidManifest.xml:23:13-36
33        <activity
33-->src/main/AndroidManifest.xml:24:9-32:20
34            android:name="com.example.numad21fa_zhixuancao.MainActivity"
34-->src/main/AndroidManifest.xml:25:13-41
35            android:exported="true" >
35-->src/main/AndroidManifest.xml:26:13-36
36            <intent-filter>
36-->src/main/AndroidManifest.xml:27:13-31:29
37                <action android:name="android.intent.action.MAIN" />
37-->src/main/AndroidManifest.xml:28:17-69
37-->src/main/AndroidManifest.xml:28:25-66
38
39                <category android:name="android.intent.category.LAUNCHER" />
39-->src/main/AndroidManifest.xml:30:17-77
39-->src/main/AndroidManifest.xml:30:27-74
40            </intent-filter>
41        </activity>
42        <activity
42-->[com.google.android.gms:play-services-base:17.5.0] AndroidManifest.xml:23:9-26:75
43            android:name="com.google.android.gms.common.api.GoogleApiActivity"
43-->[com.google.android.gms:play-services-base:17.5.0] AndroidManifest.xml:24:13-79
44            android:exported="false"
44-->[com.google.android.gms:play-services-base:17.5.0] AndroidManifest.xml:25:13-37
45            android:theme="@android:style/Theme.Translucent.NoTitleBar" />
45-->[com.google.android.gms:play-services-base:17.5.0] AndroidManifest.xml:26:13-72
46
47        <meta-data
47-->[com.google.android.gms:play-services-basement:17.5.0] AndroidManifest.xml:23:9-25:69
48            android:name="com.google.android.gms.version"
48-->[com.google.android.gms:play-services-basement:17.5.0] AndroidManifest.xml:24:13-58
49            android:value="@integer/google_play_services_version" />
49-->[com.google.android.gms:play-services-basement:17.5.0] AndroidManifest.xml:25:13-66
50    </application>
51
52</manifest>